<?xml version="1.0" encoding="UTF-8"?>
<testsuite xmlns:xsi="http://www.w3.org/2001/XMLSchema-instance" xsi:noNamespaceSchemaLocation="https://maven.apache.org/surefire/maven-surefire-plugin/xsd/surefire-test-report.xsd" name="ItemServiceTests" time="0.815" tests="2" errors="0" skipped="0" failures="0">
  <properties>
    <property name="java.specification.version" value="17"/>
    <property name="sun.cpu.isalist" value="amd64"/>
    <property name="sun.jnu.encoding" value="Cp1251"/>
    <property name="java.class.path" value="D:\Projects\RestAssuredTests\RestAssuredTests\target\test-classes;D:\Projects\RestAssuredTests\RestAssuredTests\target\classes;D:\Users\a.gordeeva\.m2\repository\org\junit\jupiter\junit-jupiter-api\5.9.0-M1\junit-jupiter-api-5.9.0-M1.jar;D:\Users\a.gordeeva\.m2\repository\org\opentest4j\opentest4j\1.2.0\opentest4j-1.2.0.jar;D:\Users\a.gordeeva\.m2\repository\org\junit\platform\junit-platform-commons\1.9.0-M1\junit-platform-commons-1.9.0-M1.jar;D:\Users\a.gordeeva\.m2\repository\org\apiguardian\apiguardian-api\1.1.2\apiguardian-api-1.1.2.jar;D:\Users\a.gordeeva\.m2\repository\com\github\scribejava\scribejava-apis\8.3.1\scribejava-apis-8.3.1.jar;D:\Users\a.gordeeva\.m2\repository\com\github\scribejava\scribejava-core\8.3.1\scribejava-core-8.3.1.jar;D:\Users\a.gordeeva\.m2\repository\com\github\scribejava\scribejava-java8\8.3.1\scribejava-java8-8.3.1.jar;D:\Users\a.gordeeva\.m2\repository\junit\junit\4.13.2\junit-4.13.2.jar;D:\Users\a.gordeeva\.m2\repository\org\hamcrest\hamcrest-core\1.3\hamcrest-core-1.3.jar;D:\Users\a.gordeeva\.m2\repository\com\fasterxml\jackson\core\jackson-core\2.13.3\jackson-core-2.13.3.jar;D:\Users\a.gordeeva\.m2\repository\com\fasterxml\jackson\core\jackson-databind\2.13.3\jackson-databind-2.13.3.jar;D:\Users\a.gordeeva\.m2\repository\com\fasterxml\jackson\core\jackson-annotations\2.13.3\jackson-annotations-2.13.3.jar;D:\Users\a.gordeeva\.m2\repository\io\rest-assured\rest-assured\5.1.1\rest-assured-5.1.1.jar;D:\Users\a.gordeeva\.m2\repository\org\apache\groovy\groovy\4.0.1\groovy-4.0.1.jar;D:\Users\a.gordeeva\.m2\repository\org\apache\groovy\groovy-xml\4.0.1\groovy-xml-4.0.1.jar;D:\Users\a.gordeeva\.m2\repository\org\apache\httpcomponents\httpclient\4.5.13\httpclient-4.5.13.jar;D:\Users\a.gordeeva\.m2\repository\org\apache\httpcomponents\httpcore\4.4.13\httpcore-4.4.13.jar;D:\Users\a.gordeeva\.m2\repository\commons-logging\commons-logging\1.2\commons-logging-1.2.jar;D:\Users\a.gordeeva\.m2\repository\commons-codec\commons-codec\1.11\commons-codec-1.11.jar;D:\Users\a.gordeeva\.m2\repository\org\apache\httpcomponents\httpmime\4.5.13\httpmime-4.5.13.jar;D:\Users\a.gordeeva\.m2\repository\org\hamcrest\hamcrest\2.1\hamcrest-2.1.jar;D:\Users\a.gordeeva\.m2\repository\org\ccil\cowan\tagsoup\tagsoup\1.2.1\tagsoup-1.2.1.jar;D:\Users\a.gordeeva\.m2\repository\io\rest-assured\json-path\5.1.1\json-path-5.1.1.jar;D:\Users\a.gordeeva\.m2\repository\org\apache\groovy\groovy-json\4.0.1\groovy-json-4.0.1.jar;D:\Users\a.gordeeva\.m2\repository\io\rest-assured\rest-assured-common\5.1.1\rest-assured-common-5.1.1.jar;D:\Users\a.gordeeva\.m2\repository\io\rest-assured\xml-path\5.1.1\xml-path-5.1.1.jar;D:\Users\a.gordeeva\.m2\repository\org\apache\commons\commons-lang3\3.11\commons-lang3-3.11.jar;D:\Users\a.gordeeva\.m2\repository\org\springframework\spring-test\5.3.22\spring-test-5.3.22.jar;D:\Users\a.gordeeva\.m2\repository\org\springframework\spring-core\5.3.22\spring-core-5.3.22.jar;D:\Users\a.gordeeva\.m2\repository\org\springframework\spring-jcl\5.3.22\spring-jcl-5.3.22.jar;"/>
    <property name="java.vm.vendor" value="BellSoft"/>
    <property name="sun.arch.data.model" value="64"/>
    <property name="user.variant" value=""/>
    <property name="java.vendor.url" value="https://bell-sw.com/"/>
    <property name="user.timezone" value="Europe/Moscow"/>
    <property name="os.name" value="Windows 10"/>
    <property name="java.vm.specification.version" value="17"/>
    <property name="sun.java.launcher" value="SUN_STANDARD"/>
    <property name="user.country" value="US"/>
    <property name="sun.boot.library.path" value="C:\Program Files\BellSoft\LibericaJDK-17\bin"/>
    <property name="sun.java.command" value="D:\Users\a.gordeeva\AppData\Local\Temp\surefire1066138224150783308\surefirebooter1990756211698054743.jar D:\Users\a.gordeeva\AppData\Local\Temp\surefire1066138224150783308 2022-08-29T16-32-50_972-jvmRun1 surefire9194470394900227160tmp surefire_03704956761714898876tmp"/>
    <property name="jdk.debug" value="release"/>
    <property name="surefire.test.class.path" value="D:\Projects\RestAssuredTests\RestAssuredTests\target\test-classes;D:\Projects\RestAssuredTests\RestAssuredTests\target\classes;D:\Users\a.gordeeva\.m2\repository\org\junit\jupiter\junit-jupiter-api\5.9.0-M1\junit-jupiter-api-5.9.0-M1.jar;D:\Users\a.gordeeva\.m2\repository\org\opentest4j\opentest4j\1.2.0\opentest4j-1.2.0.jar;D:\Users\a.gordeeva\.m2\repository\org\junit\platform\junit-platform-commons\1.9.0-M1\junit-platform-commons-1.9.0-M1.jar;D:\Users\a.gordeeva\.m2\repository\org\apiguardian\apiguardian-api\1.1.2\apiguardian-api-1.1.2.jar;D:\Users\a.gordeeva\.m2\repository\com\github\scribejava\scribejava-apis\8.3.1\scribejava-apis-8.3.1.jar;D:\Users\a.gordeeva\.m2\repository\com\github\scribejava\scribejava-core\8.3.1\scribejava-core-8.3.1.jar;D:\Users\a.gordeeva\.m2\repository\com\github\scribejava\scribejava-java8\8.3.1\scribejava-java8-8.3.1.jar;D:\Users\a.gordeeva\.m2\repository\junit\junit\4.13.2\junit-4.13.2.jar;D:\Users\a.gordeeva\.m2\repository\org\hamcrest\hamcrest-core\1.3\hamcrest-core-1.3.jar;D:\Users\a.gordeeva\.m2\repository\com\fasterxml\jackson\core\jackson-core\2.13.3\jackson-core-2.13.3.jar;D:\Users\a.gordeeva\.m2\repository\com\fasterxml\jackson\core\jackson-databind\2.13.3\jackson-databind-2.13.3.jar;D:\Users\a.gordeeva\.m2\repository\com\fasterxml\jackson\core\jackson-annotations\2.13.3\jackson-annotations-2.13.3.jar;D:\Users\a.gordeeva\.m2\repository\io\rest-assured\rest-assured\5.1.1\rest-assured-5.1.1.jar;D:\Users\a.gordeeva\.m2\repository\org\apache\groovy\groovy\4.0.1\groovy-4.0.1.jar;D:\Users\a.gordeeva\.m2\repository\org\apache\groovy\groovy-xml\4.0.1\groovy-xml-4.0.1.jar;D:\Users\a.gordeeva\.m2\repository\org\apache\httpcomponents\httpclient\4.5.13\httpclient-4.5.13.jar;D:\Users\a.gordeeva\.m2\repository\org\apache\httpcomponents\httpcore\4.4.13\httpcore-4.4.13.jar;D:\Users\a.gordeeva\.m2\repository\commons-logging\commons-logging\1.2\commons-logging-1.2.jar;D:\Users\a.gordeeva\.m2\repository\commons-codec\commons-codec\1.11\commons-codec-1.11.jar;D:\Users\a.gordeeva\.m2\repository\org\apache\httpcomponents\httpmime\4.5.13\httpmime-4.5.13.jar;D:\Users\a.gordeeva\.m2\repository\org\hamcrest\hamcrest\2.1\hamcrest-2.1.jar;D:\Users\a.gordeeva\.m2\repository\org\ccil\cowan\tagsoup\tagsoup\1.2.1\tagsoup-1.2.1.jar;D:\Users\a.gordeeva\.m2\repository\io\rest-assured\json-path\5.1.1\json-path-5.1.1.jar;D:\Users\a.gordeeva\.m2\repository\org\apache\groovy\groovy-json\4.0.1\groovy-json-4.0.1.jar;D:\Users\a.gordeeva\.m2\repository\io\rest-assured\rest-assured-common\5.1.1\rest-assured-common-5.1.1.jar;D:\Users\a.gordeeva\.m2\repository\io\rest-assured\xml-path\5.1.1\xml-path-5.1.1.jar;D:\Users\a.gordeeva\.m2\repository\org\apache\commons\commons-lang3\3.11\commons-lang3-3.11.jar;D:\Users\a.gordeeva\.m2\repository\org\springframework\spring-test\5.3.22\spring-test-5.3.22.jar;D:\Users\a.gordeeva\.m2\repository\org\springframework\spring-core\5.3.22\spring-core-5.3.22.jar;D:\Users\a.gordeeva\.m2\repository\org\springframework\spring-jcl\5.3.22\spring-jcl-5.3.22.jar;"/>
    <property name="sun.cpu.endian" value="little"/>
    <property name="user.home" value="D:\Users\a.gordeeva"/>
    <property name="user.language" value="en"/>
    <property name="java.specification.vendor" value="Oracle Corporation"/>
    <property name="java.version.date" value="2022-04-22"/>
    <property name="java.home" value="C:\Program Files\BellSoft\LibericaJDK-17"/>
    <property name="file.separator" value="\"/>
    <property name="basedir" value="D:\Projects\RestAssuredTests\RestAssuredTests"/>
    <property name="java.vm.compressedOopsMode" value="Zero based"/>
    <property name="line.separator" value="&#10;"/>
    <property name="java.vm.specification.vendor" value="Oracle Corporation"/>
    <property name="java.specification.name" value="Java Platform API Specification"/>
    <property name="surefire.real.class.path" value="D:\Users\a.gordeeva\AppData\Local\Temp\surefire1066138224150783308\surefirebooter1990756211698054743.jar"/>
    <property name="user.script" value=""/>
    <property name="sun.management.compiler" value="HotSpot 64-Bit Tiered Compilers"/>
    <property name="java.runtime.version" value="17.0.3.1+2-LTS"/>
    <property name="user.name" value="a.gordeeva"/>
    <property name="path.separator" value=";"/>
    <property name="os.version" value="10.0"/>
    <property name="java.runtime.name" value="OpenJDK Runtime Environment"/>
    <property name="file.encoding" value="Cp1251"/>
    <property name="testGroup" value="config.category_markers.FullRegressTests"/>
    <property name="java.vm.name" value="OpenJDK 64-Bit Server VM"/>
    <property name="localRepository" value="D:\Users\a.gordeeva\.m2\repository"/>
    <property name="java.vendor.url.bug" value="https://bell-sw.com/support"/>
    <property name="java.io.tmpdir" value="D:\Users\a.gordeeva\AppData\Local\Temp\"/>
    <property name="java.version" value="17.0.3.1"/>
    <property name="user.dir" value="D:\Projects\RestAssuredTests\RestAssuredTests"/>
    <property name="os.arch" value="amd64"/>
    <property name="java.vm.specification.name" value="Java Virtual Machine Specification"/>
    <property name="sun.os.patch.level" value=""/>
    <property name="native.encoding" value="Cp1251"/>
    <property name="java.library.path" value="C:\Program Files\BellSoft\LibericaJDK-17\bin;C:\WINDOWS\Sun\Java\bin;C:\WINDOWS\system32;C:\WINDOWS;C:\Program Files\BellSoft\LibericaJDK-17\bin\;C:\Program Files\apache-maven-3.6.3\bin;C:\Program Files\BellSoft\LibericaJDK-11\bin\;C:\Program Files (x86)\Common Files\Oracle\Java\javapath;C:\WINDOWS\system32;C:\WINDOWS;C:\WINDOWS\System32\Wbem;C:\WINDOWS\System32\WindowsPowerShell\v1.0\;C:\WINDOWS\System32\OpenSSH\;C:\Program Files\Docker\Docker\resources\bin;C:\ProgramData\DockerDesktop\version-bin;D:\Users\a.gordeeva\AppData\Local\Microsoft\WindowsApps;D:\Programs\Git\cmd;%IntelliJ IDEA Community Edition%;D:\Programs\Fiddler;."/>
    <property name="java.vm.info" value="mixed mode, sharing"/>
    <property name="java.vendor" value="BellSoft"/>
    <property name="java.vm.version" value="17.0.3.1+2-LTS"/>
    <property name="sun.io.unicode.encoding" value="UnicodeLittle"/>
    <property name="java.class.version" value="61.0"/>
  </properties>
  <testcase name="getSKUTest" classname="ItemServiceTests" time="0.485"/>
  <testcase name="createUpdateDeleteSKUTest" classname="ItemServiceTests" time="0.329"/>
</testsuite>